<?xml version="1.0" encoding="UTF-8"?>
<!-- Generated by org.testng.reporters.JUnitReportReporter -->
<testsuite hostname="SRISAGAR" failures="0" tests="1" name="SeleniumTestNg.NewTest" time="3.565" errors="0" timestamp="2024-03-20T11:17:57 IST" skipped="0">
  <testcase classname="SeleniumTestNg.NewTest" name="f" time="3.565"/>
  <system-out/>
</testsuite> <!-- SeleniumTestNg.NewTest -->
