<?xml version="1.0" encoding="UTF-8"?>
<!-- Generated by org.testng.reporters.JUnitReportReporter -->
<testsuite hostname="SRISAGAR" failures="0" tests="1" name="SeleniumTestNg.Amazon_Test" time="0.940" errors="0" timestamp="2024-02-29T10:40:30 IST" skipped="0">
  <testcase classname="SeleniumTestNg.Amazon_Test" name="verifyingElements" time="0.940"/>
  <system-out/>
</testsuite> <!-- SeleniumTestNg.Amazon_Test -->
