<?xml version="1.0" encoding="UTF-8"?>
<!-- Generated by org.testng.reporters.JUnitReportReporter -->
<testsuite hostname="SRISAGAR" failures="0" tests="1" name="SeleniumTestNg.FindElementsFlip" time="0.098" errors="0" timestamp="2023-05-03T15:18:41 IST" skipped="0">
  <testcase classname="SeleniumTestNg.FindElementsFlip" name="f" time="0.098"/>
  <system-out/>
</testsuite> <!-- SeleniumTestNg.FindElementsFlip -->
