<?xml version="1.0" encoding="UTF-8"?>
<!-- Generated by org.testng.reporters.JUnitReportReporter -->
<testsuite hostname="SRISAGAR" failures="0" tests="1" name="SeleniumTestNg.MyntraMouseActions" time="0.256" errors="0" timestamp="2023-05-10T15:51:24 IST" skipped="0">
  <testcase classname="SeleniumTestNg.MyntraMouseActions" name="handlingMouseActions" time="0.256"/>
  <system-out/>
</testsuite> <!-- SeleniumTestNg.MyntraMouseActions -->
