<?xml version="1.0" encoding="UTF-8"?>
<!-- Generated by org.testng.reporters.JUnitReportReporter -->
<testsuite hostname="SRISAGAR" failures="0" tests="1" name="SeleniumTestNg.MakeMyTrip" time="39.194" errors="0" timestamp="2024-04-17T11:33:55 IST" skipped="0">
  <testcase classname="SeleniumTestNg.MakeMyTrip" name="Booikng" time="39.194"/>
  <system-out/>
</testsuite> <!-- SeleniumTestNg.MakeMyTrip -->
