<?xml version="1.0" encoding="UTF-8"?>
<!-- Generated by org.testng.reporters.JUnitReportReporter -->
<testsuite hostname="SRISAGAR" failures="0" tests="5" name="SeleniumTestNg.Pandoforce_project" time="25.973" errors="0" timestamp="2024-03-28T11:44:09 IST" skipped="4">
  <testcase classname="SeleniumTestNg.Pandoforce_project" name="ValidInputs" time="25.973"/>
  <system-out/>
  <testcase classname="SeleniumTestNg.Pandoforce_project" name="InvalidEmail_validPassword">
    <skipped/>
  </testcase> <!-- InvalidEmail_validPassword -->
  <system-out/>
  <testcase classname="SeleniumTestNg.Pandoforce_project" name="Invalidinputs">
    <skipped/>
  </testcase> <!-- Invalidinputs -->
  <system-out/>
  <testcase classname="SeleniumTestNg.Pandoforce_project" name="ValidEmail_invalidpass">
    <skipped/>
  </testcase> <!-- ValidEmail_invalidpass -->
  <system-out/>
  <testcase classname="SeleniumTestNg.Pandoforce_project" name="Empty_Input">
    <skipped/>
  </testcase> <!-- Empty_Input -->
  <system-out/>
</testsuite> <!-- SeleniumTestNg.Pandoforce_project -->
