<?xml version="1.0" encoding="UTF-8"?>
<!-- Generated by org.testng.reporters.JUnitReportReporter -->
<testsuite hostname="SRISAGAR" failures="0" tests="2" name="SeleniumTestNg.FindElementsEbay" time="6.822" errors="0" timestamp="2024-02-16T12:27:27 IST" skipped="0">
  <testcase classname="SeleniumTestNg.FindElementsEbay" name="handlingWebElements" time="0.505"/>
  <system-out/>
  <testcase classname="SeleniumTestNg.FindElementsEbay" name="displayElement" time="6.317"/>
  <system-out/>
</testsuite> <!-- SeleniumTestNg.FindElementsEbay -->
