<?xml version="1.0" encoding="UTF-8"?>
<!-- Generated by org.testng.reporters.JUnitReportReporter -->
<testsuite hostname="SRISAGAR" failures="0" tests="5" name="SeleniumTestNg.HandlingMouseActions" time="2.304" errors="0" timestamp="2023-08-08T13:55:47 IST" skipped="4">
  <testcase classname="SeleniumTestNg.HandlingMouseActions" name="verifyResize" time="2.304"/>
  <system-out/>
  <testcase classname="SeleniumTestNg.HandlingMouseActions" name="varifySortable">
    <skipped/>
  </testcase> <!-- varifySortable -->
  <system-out/>
  <testcase classname="SeleniumTestNg.HandlingMouseActions" name="verifySelectable">
    <skipped/>
  </testcase> <!-- verifySelectable -->
  <system-out/>
  <testcase classname="SeleniumTestNg.HandlingMouseActions" name="verifyDraggable">
    <skipped/>
  </testcase> <!-- verifyDraggable -->
  <system-out/>
  <testcase classname="SeleniumTestNg.HandlingMouseActions" name="verifyDroppable">
    <skipped/>
  </testcase> <!-- verifyDroppable -->
  <system-out/>
</testsuite> <!-- SeleniumTestNg.HandlingMouseActions -->
