<?xml version="1.0" encoding="UTF-8"?>
<!-- Generated by org.testng.reporters.JUnitReportReporter -->
<testsuite hostname="SRISAGAR" failures="0" tests="1" name="SeleniumTestNg.FindElementsSele" time="2.632" errors="0" timestamp="2023-08-02T12:46:51 IST" skipped="0">
  <testcase classname="SeleniumTestNg.FindElementsSele" name="handlingfindElements" time="2.632"/>
  <system-out/>
</testsuite> <!-- SeleniumTestNg.FindElementsSele -->
