<?xml version="1.0" encoding="UTF-8"?>
<!-- Generated by org.testng.reporters.JUnitReportReporter -->
<testsuite hostname="SRISAGAR" failures="0" tests="5" name="SeleniumTestNg.MultipleSetsData" time="0.248" errors="0" timestamp="2024-03-20T12:09:45 IST" skipped="0">
  <testcase classname="SeleniumTestNg.MultipleSetsData" name="verifyTestData" time="0.003"/>
  <system-out/>
  <testcase classname="SeleniumTestNg.MultipleSetsData" name="verifyTestData" time="0.001"/>
  <system-out/>
  <testcase classname="SeleniumTestNg.MultipleSetsData" name="verifyTestData" time="0.001"/>
  <system-out/>
  <testcase classname="SeleniumTestNg.MultipleSetsData" name="facebook" time="0.242"/>
  <system-out/>
  <testcase classname="SeleniumTestNg.MultipleSetsData" name="verifyTestData" time="0.001"/>
  <system-out/>
</testsuite> <!-- SeleniumTestNg.MultipleSetsData -->
