<?xml version="1.0" encoding="UTF-8"?>
<!-- Generated by org.testng.reporters.JUnitReportReporter -->
<testsuite hostname="SRISAGAR" failures="0" tests="2" name="SeleniumTestNg.FindElementsJquery" time="2.705" errors="0" timestamp="2023-05-05T21:49:34 IST" skipped="0">
  <testcase classname="SeleniumTestNg.FindElementsJquery" name="ElementSizeText" time="0.113"/>
  <system-out/>
  <testcase classname="SeleniumTestNg.FindElementsJquery" name="Actions" time="2.592"/>
  <system-out/>
</testsuite> <!-- SeleniumTestNg.FindElementsJquery -->
