<?xml version="1.0" encoding="UTF-8"?>
<!-- Generated by org.testng.reporters.JUnitReportReporter -->
<testsuite hostname="SRISAGAR" failures="0" tests="1" name="SeleniumTestNg.FindElements" time="0.268" errors="0" timestamp="2023-05-03T15:31:11 IST" skipped="0">
  <testcase classname="SeleniumTestNg.FindElements" name="handlingWebElements" time="0.268"/>
  <system-out/>
</testsuite> <!-- SeleniumTestNg.FindElements -->
