<?xml version="1.0" encoding="UTF-8"?>
<!-- Generated by org.testng.reporters.JUnitReportReporter -->
<testsuite hostname="SRISAGAR" failures="0" tests="3" name="SeleniumTestNg.GmailAccount" time="0.012" errors="0" timestamp="2023-05-09T11:51:31 IST" skipped="0">
  <testcase classname="SeleniumTestNg.GmailAccount" name="verifyRegister" time="0.006"/>
  <system-out/>
  <testcase classname="SeleniumTestNg.GmailAccount" name="verifyRegister" time="0.005"/>
  <system-out/>
  <testcase classname="SeleniumTestNg.GmailAccount" name="verifyRegister" time="0.001"/>
  <system-out/>
</testsuite> <!-- SeleniumTestNg.GmailAccount -->
